<?xml version="1.0" encoding="UTF-8"?>
<testng-results ignored="0" total="2" passed="2" failed="0" skipped="0">
  <reporter-output>
  </reporter-output>
  <suite started-at="2020-06-21T15:37:41 NZST" name="Default suite" finished-at="2020-06-21T15:37:53 NZST" duration-ms="11452">
    <groups>
    </groups>
    <test started-at="2020-06-21T15:37:41 NZST" name="Default test" finished-at="2020-06-21T15:37:53 NZST" duration-ms="11452">
      <class name="todosrestapi.Get">
        <test-method signature="getatodo()[pri:0, instance:todosrestapi.Get@2ddc8ecb]" started-at="2020-06-21T15:37:41 NZST" name="getatodo" finished-at="2020-06-21T15:37:51 NZST" duration-ms="9928" status="PASS">
          <reporter-output>
          </reporter-output>
        </test-method> <!-- getatodo -->
        <test-method signature="getlistofalltodos()[pri:0, instance:todosrestapi.Get@2ddc8ecb]" started-at="2020-06-21T15:37:51 NZST" name="getlistofalltodos" finished-at="2020-06-21T15:37:53 NZST" duration-ms="1221" status="PASS">
          <reporter-output>
          </reporter-output>
        </test-method> <!-- getlistofalltodos -->
      </class> <!-- todosrestapi.Get -->
    </test> <!-- Default test -->
  </suite> <!-- Default suite -->
</testng-results>
